<?xml version="1.0" encoding="UTF-8"?>
<testsuite xmlns:xsi="http://www.w3.org/2001/XMLSchema-instance" xsi:noNamespaceSchemaLocation="https://maven.apache.org/surefire/maven-surefire-plugin/xsd/surefire-test-report.xsd" name="otherTests.TestRestAssuredJUnit" time="1.214" tests="3" errors="0" skipped="0" failures="0">
  <properties>
[...]
</properties>
  <testcase name="testHelloMethodWithoutName{String}[1]" classname="otherTests.TestRestAssuredJUnit" time="0.464"/>
  <testcase name="testHelloMethodWithoutName{String}[2]" classname="otherTests.TestRestAssuredJUnit" time="0.332"/>
  <testcase name="testHelloMethodWithoutName{String}[3]" classname="otherTests.TestRestAssuredJUnit" time="0.353"/>
</testsuite>